android/app/build/intermediates/manifest_merge_blame_file/debug/manifest-merger-blame-debug-report.txt
1<?xml version="1.0" encoding="utf-8"?>
2<manifest xmlns:android="http://schemas.android.com/apk/res/android"
3    package="com.watchagotchamtechub"
4    android:versionCode="1"
5    android:versionName="1.0" >
6
7    <uses-sdk
8        android:minSdkVersion="21"
9        android:targetSdkVersion="33" />
10
11    <uses-permission android:name="android.permission.SYSTEM_ALERT_WINDOW" />
11-->src\main\AndroidManifest.xml:14:5-77
11-->src\main\AndroidManifest.xml:14:22-75
12    <uses-permission android:name="android.permission.INTERNET" />
12-->src\main\AndroidManifest.xml:3:5-67
12-->src\main\AndroidManifest.xml:3:22-64
13    <uses-permission android:name="android.permission.ACCESS_FINE_LOCATION" />
13-->src\debug\AndroidManifest.xml:7:5-79
13-->src\debug\AndroidManifest.xml:7:22-76
14    <uses-permission android:name="android.permission.ACCESS_COARSE_LOCATION" />
14-->src\debug\AndroidManifest.xml:8:5-81
14-->src\debug\AndroidManifest.xml:8:22-78
15
16    <meta-data
16-->src\debug\AndroidManifest.xml:12:6-14:63
17        android:name="com.google.android.geo.API_KEY"
17-->src\debug\AndroidManifest.xml:13:6-51
18        android:value="AIzaSyD2gv4DJD2-xSnjvdfPmdyjhbhFyPgqMrI" />
18-->src\debug\AndroidManifest.xml:14:6-61
19
20    <uses-permission android:name="android.permission.READ_EXTERNAL_STORAGE" />
20-->src\main\AndroidManifest.xml:4:5-80
20-->src\main\AndroidManifest.xml:4:22-77
21    <uses-permission android:name="android.permission.WRITE_EXTERNAL_STORAGE" />
21-->src\main\AndroidManifest.xml:5:5-81
21-->src\main\AndroidManifest.xml:5:22-78
22    <uses-permission android:name="android.permission.VIBRATE" />
22-->src\main\AndroidManifest.xml:6:5-66
22-->src\main\AndroidManifest.xml:6:22-63
23    <uses-permission android:name="android.permission.SCHEDULE_EXACT_ALARM" />
23-->src\main\AndroidManifest.xml:7:5-79
23-->src\main\AndroidManifest.xml:7:22-76
24    <uses-permission android:name="android.permission.RECEIVE_BOOT_COMPLETED" />
24-->src\main\AndroidManifest.xml:8:5-80
24-->src\main\AndroidManifest.xml:8:22-78
25    <uses-permission android:name="android.permission.RECORD_AUDIO" />
25-->src\main\AndroidManifest.xml:9:5-71
25-->src\main\AndroidManifest.xml:9:22-68
26    <uses-permission android:name="android.permission.RECORD_VIDEO" />
26-->src\main\AndroidManifest.xml:10:5-71
26-->src\main\AndroidManifest.xml:10:22-68
27    <uses-permission android:name="android.permission.ACCESS_NETWORK_STATE" />
27-->src\main\AndroidManifest.xml:11:5-78
27-->src\main\AndroidManifest.xml:11:22-76
28    <uses-permission android:name="android.permission.MODIFY_AUDIO_SETTINGS" />
28-->src\main\AndroidManifest.xml:12:5-80
28-->src\main\AndroidManifest.xml:12:22-77
29    <uses-permission android:name="android.permission.WAKE_LOCK" />
29-->src\main\AndroidManifest.xml:13:5-68
29-->src\main\AndroidManifest.xml:13:22-65
30    <uses-permission android:name="android.permission.ACCESS_WIFI_STATE" />
30-->[com.facebook.flipper:flipper:0.182.0] AndroidManifest.xml:16:5-76
30-->[com.facebook.flipper:flipper:0.182.0] AndroidManifest.xml:16:22-73
31    <uses-permission android:name="android.permission.QUERY_ALL_PACKAGES" /> <!-- Required to access Google Play Licensing -->
31-->[:react-native-launcher-kit] AndroidManifest.xml:7:5-77
31-->[:react-native-launcher-kit] AndroidManifest.xml:7:22-74
32    <uses-permission android:name="com.android.vending.CHECK_LICENSE" />
32-->[:rn-fetch-blob] AndroidManifest.xml:8:5-73
32-->[:rn-fetch-blob] AndroidManifest.xml:8:22-70
33    <uses-permission android:name="android.permission.POST_NOTIFICATIONS" /> <!-- Required by older versions of Google Play services to create IID tokens -->
33-->[com.google.firebase:firebase-messaging:23.4.0] AndroidManifest.xml:23:5-77
33-->[com.google.firebase:firebase-messaging:23.4.0] AndroidManifest.xml:23:22-74
34    <uses-permission android:name="com.google.android.c2dm.permission.RECEIVE" />
34-->[com.google.firebase:firebase-messaging:23.4.0] AndroidManifest.xml:26:5-82
34-->[com.google.firebase:firebase-messaging:23.4.0] AndroidManifest.xml:26:22-79
35    <uses-permission android:name="com.google.android.gms.permission.AD_ID" />
35-->[com.google.android.gms:play-services-measurement-api:21.5.0] AndroidManifest.xml:25:5-79
35-->[com.google.android.gms:play-services-measurement-api:21.5.0] AndroidManifest.xml:25:22-76
36    <uses-permission android:name="android.permission.ACCESS_ADSERVICES_ATTRIBUTION" />
36-->[com.google.android.gms:play-services-measurement-api:21.5.0] AndroidManifest.xml:26:5-88
36-->[com.google.android.gms:play-services-measurement-api:21.5.0] AndroidManifest.xml:26:22-85
37    <uses-permission android:name="android.permission.ACCESS_ADSERVICES_AD_ID" /> <!-- See https://developer.android.com/training/package-visibility/declaring for more details. -->
37-->[com.google.android.gms:play-services-measurement-api:21.5.0] AndroidManifest.xml:27:5-82
37-->[com.google.android.gms:play-services-measurement-api:21.5.0] AndroidManifest.xml:27:22-79
38    <queries>
38-->[com.stripe:financial-connections:20.34.4] AndroidManifest.xml:10:5-18:15
39
40        <!-- Added to check the default browser that will host the AuthFlow. -->
41        <intent>
41-->[com.stripe:financial-connections:20.34.4] AndroidManifest.xml:13:9-17:18
42            <action android:name="android.intent.action.VIEW" />
42-->[com.stripe:financial-connections:20.34.4] AndroidManifest.xml:14:13-65
42-->[com.stripe:financial-connections:20.34.4] AndroidManifest.xml:14:21-62
43
44            <data android:scheme="http" />
44-->[com.stripe:financial-connections:20.34.4] AndroidManifest.xml:16:13-43
44-->[com.stripe:financial-connections:20.34.4] AndroidManifest.xml:16:19-40
45        </intent>
46        <!-- Added to check if Chrome is installed for browser-based payment authentication (e.g. 3DS1). -->
47        <package android:name="com.android.chrome" /> <!-- Needs to be explicitly declared on Android R+ -->
47-->[com.stripe:payments-core:20.34.4] AndroidManifest.xml:11:9-54
47-->[com.stripe:payments-core:20.34.4] AndroidManifest.xml:11:18-51
48        <package android:name="com.google.android.apps.maps" />
48-->[com.google.android.gms:play-services-maps:18.0.2] AndroidManifest.xml:33:9-64
48-->[com.google.android.gms:play-services-maps:18.0.2] AndroidManifest.xml:33:18-61
49    </queries>
50
51    <uses-feature
51-->[com.google.android.gms:play-services-maps:18.0.2] AndroidManifest.xml:26:5-28:35
52        android:glEsVersion="0x00020000"
52-->[com.google.android.gms:play-services-maps:18.0.2] AndroidManifest.xml:27:9-41
53        android:required="true" />
53-->[com.google.android.gms:play-services-maps:18.0.2] AndroidManifest.xml:28:9-32
54
55    <uses-permission android:name="com.google.android.finsky.permission.BIND_GET_INSTALL_REFERRER_SERVICE" />
55-->[com.google.android.gms:play-services-measurement:21.5.0] AndroidManifest.xml:26:5-110
55-->[com.google.android.gms:play-services-measurement:21.5.0] AndroidManifest.xml:26:22-107
56
57    <permission
57-->[androidx.core:core:1.10.0] AndroidManifest.xml:22:5-24:47
58        android:name="com.watchagotchamtechub.DYNAMIC_RECEIVER_NOT_EXPORTED_PERMISSION"
58-->[androidx.core:core:1.10.0] AndroidManifest.xml:23:9-81
59        android:protectionLevel="signature" />
59-->[androidx.core:core:1.10.0] AndroidManifest.xml:24:9-44
60
61    <uses-permission android:name="com.watchagotchamtechub.DYNAMIC_RECEIVER_NOT_EXPORTED_PERMISSION" /> <!-- for android -->
61-->[androidx.core:core:1.10.0] AndroidManifest.xml:26:5-97
61-->[androidx.core:core:1.10.0] AndroidManifest.xml:26:22-94
62    <!-- <uses-permission android:name="com.android.launcher.permission.READ_SETTINGS"/> -->
63    <!-- <uses-permission android:name="com.android.launcher.permission.WRITE_SETTINGS"/> -->
64    <!-- <uses-permission android:name="com.android.launcher.permission.INSTALL_SHORTCUT" /> -->
65    <!-- <uses-permission android:name="com.android.launcher.permission.UNINSTALL_SHORTCUT" /> -->
66    <!-- for Samsung -->
67    <uses-permission android:name="com.sec.android.provider.badge.permission.READ" />
67-->[me.leolin:ShortcutBadger:1.1.22] AndroidManifest.xml:19:5-86
67-->[me.leolin:ShortcutBadger:1.1.22] AndroidManifest.xml:19:22-83
68    <uses-permission android:name="com.sec.android.provider.badge.permission.WRITE" /> <!-- for htc -->
68-->[me.leolin:ShortcutBadger:1.1.22] AndroidManifest.xml:20:5-87
68-->[me.leolin:ShortcutBadger:1.1.22] AndroidManifest.xml:20:22-84
69    <uses-permission android:name="com.htc.launcher.permission.READ_SETTINGS" />
69-->[me.leolin:ShortcutBadger:1.1.22] AndroidManifest.xml:23:5-81
69-->[me.leolin:ShortcutBadger:1.1.22] AndroidManifest.xml:23:22-78
70    <uses-permission android:name="com.htc.launcher.permission.UPDATE_SHORTCUT" /> <!-- for sony -->
70-->[me.leolin:ShortcutBadger:1.1.22] AndroidManifest.xml:24:5-83
70-->[me.leolin:ShortcutBadger:1.1.22] AndroidManifest.xml:24:22-80
71    <uses-permission android:name="com.sonyericsson.home.permission.BROADCAST_BADGE" />
71-->[me.leolin:ShortcutBadger:1.1.22] AndroidManifest.xml:27:5-88
71-->[me.leolin:ShortcutBadger:1.1.22] AndroidManifest.xml:27:22-85
72    <uses-permission android:name="com.sonymobile.home.permission.PROVIDER_INSERT_BADGE" /> <!-- for apex -->
72-->[me.leolin:ShortcutBadger:1.1.22] AndroidManifest.xml:28:5-92
72-->[me.leolin:ShortcutBadger:1.1.22] AndroidManifest.xml:28:22-89
73    <uses-permission android:name="com.anddoes.launcher.permission.UPDATE_COUNT" /> <!-- for solid -->
73-->[me.leolin:ShortcutBadger:1.1.22] AndroidManifest.xml:31:5-84
73-->[me.leolin:ShortcutBadger:1.1.22] AndroidManifest.xml:31:22-81
74    <uses-permission android:name="com.majeur.launcher.permission.UPDATE_BADGE" /> <!-- for huawei -->
74-->[me.leolin:ShortcutBadger:1.1.22] AndroidManifest.xml:34:5-83
74-->[me.leolin:ShortcutBadger:1.1.22] AndroidManifest.xml:34:22-80
75    <uses-permission android:name="com.huawei.android.launcher.permission.CHANGE_BADGE" />
75-->[me.leolin:ShortcutBadger:1.1.22] AndroidManifest.xml:37:5-91
75-->[me.leolin:ShortcutBadger:1.1.22] AndroidManifest.xml:37:22-88
76    <uses-permission android:name="com.huawei.android.launcher.permission.READ_SETTINGS" />
76-->[me.leolin:ShortcutBadger:1.1.22] AndroidManifest.xml:38:5-92
76-->[me.leolin:ShortcutBadger:1.1.22] AndroidManifest.xml:38:22-89
77    <uses-permission android:name="com.huawei.android.launcher.permission.WRITE_SETTINGS" /> <!-- for ZUK -->
77-->[me.leolin:ShortcutBadger:1.1.22] AndroidManifest.xml:39:5-93
77-->[me.leolin:ShortcutBadger:1.1.22] AndroidManifest.xml:39:22-90
78    <uses-permission android:name="android.permission.READ_APP_BADGE" /> <!-- for OPPO -->
78-->[me.leolin:ShortcutBadger:1.1.22] AndroidManifest.xml:42:5-73
78-->[me.leolin:ShortcutBadger:1.1.22] AndroidManifest.xml:42:22-70
79    <uses-permission android:name="com.oppo.launcher.permission.READ_SETTINGS" />
79-->[me.leolin:ShortcutBadger:1.1.22] AndroidManifest.xml:45:5-82
79-->[me.leolin:ShortcutBadger:1.1.22] AndroidManifest.xml:45:22-79
80    <uses-permission android:name="com.oppo.launcher.permission.WRITE_SETTINGS" /> <!-- for EvMe -->
80-->[me.leolin:ShortcutBadger:1.1.22] AndroidManifest.xml:46:5-83
80-->[me.leolin:ShortcutBadger:1.1.22] AndroidManifest.xml:46:22-80
81    <uses-permission android:name="me.everything.badger.permission.BADGE_COUNT_READ" />
81-->[me.leolin:ShortcutBadger:1.1.22] AndroidManifest.xml:49:5-88
81-->[me.leolin:ShortcutBadger:1.1.22] AndroidManifest.xml:49:22-85
82    <uses-permission android:name="me.everything.badger.permission.BADGE_COUNT_WRITE" />
82-->[me.leolin:ShortcutBadger:1.1.22] AndroidManifest.xml:50:5-89
82-->[me.leolin:ShortcutBadger:1.1.22] AndroidManifest.xml:50:22-86
83
84    <application
84-->src\main\AndroidManifest.xml:19:5-63:19
85        android:name="com.watchagotchamtechub.MainApplication"
85-->src\main\AndroidManifest.xml:21:7-38
86        android:allowBackup="false"
86-->src\main\AndroidManifest.xml:25:7-34
87        android:appComponentFactory="androidx.core.app.CoreComponentFactory"
87-->[androidx.core:core:1.10.0] AndroidManifest.xml:28:18-86
88        android:debuggable="true"
89        android:icon="@mipmap/ic_launcher"
89-->src\main\AndroidManifest.xml:23:7-41
90        android:label="@string/app_name"
90-->src\main\AndroidManifest.xml:22:7-39
91        android:roundIcon="@mipmap/ic_launcher_round"
91-->src\main\AndroidManifest.xml:24:7-52
92        android:theme="@style/AppTheme"
92-->src\main\AndroidManifest.xml:26:7-38
93        android:usesCleartextTraffic="true" >
93-->src\main\AndroidManifest.xml:20:7-42
94        <activity
94-->src\debug\AndroidManifest.xml:21:9-111
95            android:name="com.facebook.react.devsupport.DevSettingsActivity"
95-->src\debug\AndroidManifest.xml:21:19-83
96            android:exported="false" />
96-->src\debug\AndroidManifest.xml:21:84-108
97        <activity
97-->src\main\AndroidManifest.xml:27:7-39:18
98            android:name="com.watchagotchamtechub.MainActivity"
98-->src\main\AndroidManifest.xml:28:9-37
99            android:configChanges="keyboard|keyboardHidden|orientation|screenLayout|screenSize|smallestScreenSize|uiMode"
99-->src\main\AndroidManifest.xml:30:9-118
100            android:exported="true"
100-->src\main\AndroidManifest.xml:33:9-32
101            android:label="@string/app_name"
101-->src\main\AndroidManifest.xml:29:9-41
102            android:launchMode="singleTask"
102-->src\main\AndroidManifest.xml:31:9-40
103            android:windowSoftInputMode="adjustResize" >
103-->src\main\AndroidManifest.xml:32:9-51
104            <intent-filter>
104-->src\main\AndroidManifest.xml:34:9-38:25
105                <action android:name="android.intent.action.MAIN" />
105-->src\main\AndroidManifest.xml:35:13-65
105-->src\main\AndroidManifest.xml:35:21-62
106
107                <category android:name="android.intent.category.LAUNCHER" />
107-->src\main\AndroidManifest.xml:36:13-73
107-->src\main\AndroidManifest.xml:36:23-70
108
109                <action android:name="android.intent.action.DOWNLOAD_COMPLETE" />
109-->src\main\AndroidManifest.xml:37:13-77
109-->src\main\AndroidManifest.xml:37:21-75
110            </intent-filter>
111        </activity>
112
113        <meta-data
113-->src\main\AndroidManifest.xml:40:7-41:44
114            android:name="com.dieam.reactnativepushnotification.notification_foreground"
114-->src\main\AndroidManifest.xml:40:19-95
115            android:value="false" /> <!-- Change the resource name to your App's accent color - or any other color you want -->
115-->src\main\AndroidManifest.xml:41:21-42
116        <meta-data
116-->src\main\AndroidManifest.xml:43:9-44:54
117            android:name="com.dieam.reactnativepushnotification.notification_color"
117-->src\main\AndroidManifest.xml:43:21-92
118            android:resource="@color/white" /> <!-- or @android:color/{name} to use a standard color -->
118-->src\main\AndroidManifest.xml:44:21-52
119        <receiver
119-->src\main\AndroidManifest.xml:46:9-155
120            android:name="com.dieam.reactnativepushnotification.modules.RNPushNotificationActions"
120-->src\main\AndroidManifest.xml:46:66-152
121            android:enabled="true"
121-->src\main\AndroidManifest.xml:46:19-41
122            android:exported="true" />
122-->src\main\AndroidManifest.xml:46:42-65
123        <receiver
123-->src\main\AndroidManifest.xml:47:9-157
124            android:name="com.dieam.reactnativepushnotification.modules.RNPushNotificationPublisher"
124-->src\main\AndroidManifest.xml:47:66-154
125            android:enabled="true"
125-->src\main\AndroidManifest.xml:47:19-41
126            android:exported="true" />
126-->src\main\AndroidManifest.xml:47:42-65
127        <receiver
127-->src\main\AndroidManifest.xml:48:9-54:20
128            android:name="com.dieam.reactnativepushnotification.modules.RNPushNotificationBootEventReceiver"
128-->src\main\AndroidManifest.xml:48:67-163
129            android:enabled="true"
129-->src\main\AndroidManifest.xml:48:19-41
130            android:exported="true" >
130-->src\main\AndroidManifest.xml:48:42-65
131            <intent-filter>
131-->src\main\AndroidManifest.xml:49:13-53:29
132                <action android:name="android.intent.action.BOOT_COMPLETED" />
132-->src\main\AndroidManifest.xml:50:17-79
132-->src\main\AndroidManifest.xml:50:25-76
133                <action android:name="android.intent.action.QUICKBOOT_POWERON" />
133-->src\main\AndroidManifest.xml:51:17-82
133-->src\main\AndroidManifest.xml:51:25-79
134                <action android:name="com.htc.intent.action.QUICKBOOT_POWERON" />
134-->src\main\AndroidManifest.xml:52:17-81
134-->src\main\AndroidManifest.xml:52:25-79
135            </intent-filter>
136        </receiver>
137
138        <service
138-->src\main\AndroidManifest.xml:56:9-62:19
139            android:name="com.dieam.reactnativepushnotification.modules.RNPushNotificationListenerService"
139-->src\main\AndroidManifest.xml:57:13-107
140            android:exported="false" >
140-->src\main\AndroidManifest.xml:58:13-37
141            <intent-filter>
141-->src\main\AndroidManifest.xml:59:13-61:29
142                <action android:name="com.google.firebase.MESSAGING_EVENT" />
142-->src\main\AndroidManifest.xml:60:17-78
142-->src\main\AndroidManifest.xml:60:25-75
143            </intent-filter>
144        </service>
145        <service
145-->[:react-native-firebase_messaging] AndroidManifest.xml:12:9-14:40
146            android:name="io.invertase.firebase.messaging.ReactNativeFirebaseMessagingHeadlessService"
146-->[:react-native-firebase_messaging] AndroidManifest.xml:13:13-103
147            android:exported="false" />
147-->[:react-native-firebase_messaging] AndroidManifest.xml:14:13-37
148        <service
148-->[:react-native-firebase_messaging] AndroidManifest.xml:15:9-21:19
149            android:name="io.invertase.firebase.messaging.ReactNativeFirebaseMessagingService"
149-->[:react-native-firebase_messaging] AndroidManifest.xml:16:13-95
150            android:exported="false" >
150-->[:react-native-firebase_messaging] AndroidManifest.xml:17:13-37
151            <intent-filter>
151-->src\main\AndroidManifest.xml:59:13-61:29
152                <action android:name="com.google.firebase.MESSAGING_EVENT" />
152-->src\main\AndroidManifest.xml:60:17-78
152-->src\main\AndroidManifest.xml:60:25-75
153            </intent-filter>
154        </service>
155
156        <receiver
156-->[:react-native-firebase_messaging] AndroidManifest.xml:23:9-30:20
157            android:name="io.invertase.firebase.messaging.ReactNativeFirebaseMessagingReceiver"
157-->[:react-native-firebase_messaging] AndroidManifest.xml:24:13-96
158            android:exported="true"
158-->[:react-native-firebase_messaging] AndroidManifest.xml:25:13-36
159            android:permission="com.google.android.c2dm.permission.SEND" >
159-->[:react-native-firebase_messaging] AndroidManifest.xml:26:13-73
160            <intent-filter>
160-->[:react-native-firebase_messaging] AndroidManifest.xml:27:13-29:29
161                <action android:name="com.google.android.c2dm.intent.RECEIVE" />
161-->[:react-native-firebase_messaging] AndroidManifest.xml:28:17-81
161-->[:react-native-firebase_messaging] AndroidManifest.xml:28:25-78
162            </intent-filter>
163        </receiver>
164
165        <meta-data
165-->[:react-native-firebase_messaging] AndroidManifest.xml:32:9-34:36
166            android:name="firebase_messaging_auto_init_enabled"
166-->[:react-native-firebase_messaging] AndroidManifest.xml:33:13-64
167            android:value="true" />
167-->[:react-native-firebase_messaging] AndroidManifest.xml:34:13-33
168        <meta-data
168-->[:react-native-firebase_messaging] AndroidManifest.xml:35:9-37:32
169            android:name="com.google.firebase.messaging.default_notification_channel_id"
169-->[:react-native-firebase_messaging] AndroidManifest.xml:36:13-89
170            android:value="" />
170-->[:react-native-firebase_messaging] AndroidManifest.xml:37:13-29
171        <meta-data
171-->[:react-native-firebase_messaging] AndroidManifest.xml:38:9-40:47
172            android:name="com.google.firebase.messaging.default_notification_color"
172-->[:react-native-firebase_messaging] AndroidManifest.xml:39:13-84
173            android:resource="@color/white" />
173-->[:react-native-firebase_messaging] AndroidManifest.xml:40:13-44
174        <meta-data
174-->[:react-native-firebase_app] AndroidManifest.xml:9:9-11:36
175            android:name="app_data_collection_default_enabled"
175-->[:react-native-firebase_app] AndroidManifest.xml:10:13-63
176            android:value="true" />
176-->[:react-native-firebase_app] AndroidManifest.xml:11:13-33
177
178        <service
178-->[:react-native-firebase_app] AndroidManifest.xml:13:9-21:19
179            android:name="com.google.firebase.components.ComponentDiscoveryService"
179-->[:react-native-firebase_app] AndroidManifest.xml:14:13-84
180            android:directBootAware="true"
180-->[:react-native-firebase_app] AndroidManifest.xml:15:13-43
181            android:exported="false" >
181-->[:react-native-firebase_app] AndroidManifest.xml:16:13-37
182            <meta-data
182-->[:react-native-firebase_app] AndroidManifest.xml:18:13-20:85
183                android:name="com.google.firebase.components:io.invertase.firebase.app.ReactNativeFirebaseAppRegistrar"
183-->[:react-native-firebase_app] AndroidManifest.xml:19:17-120
184                android:value="com.google.firebase.components.ComponentRegistrar" />
184-->[:react-native-firebase_app] AndroidManifest.xml:20:17-82
185            <meta-data
185-->[com.google.firebase:firebase-messaging:23.4.0] AndroidManifest.xml:57:13-59:85
186                android:name="com.google.firebase.components:com.google.firebase.messaging.FirebaseMessagingKtxRegistrar"
186-->[com.google.firebase:firebase-messaging:23.4.0] AndroidManifest.xml:58:17-122
187                android:value="com.google.firebase.components.ComponentRegistrar" />
187-->[com.google.firebase:firebase-messaging:23.4.0] AndroidManifest.xml:59:17-82
188            <meta-data
188-->[com.google.firebase:firebase-messaging:23.4.0] AndroidManifest.xml:60:13-62:85
189                android:name="com.google.firebase.components:com.google.firebase.messaging.FirebaseMessagingRegistrar"
189-->[com.google.firebase:firebase-messaging:23.4.0] AndroidManifest.xml:61:17-119
190                android:value="com.google.firebase.components.ComponentRegistrar" />
190-->[com.google.firebase:firebase-messaging:23.4.0] AndroidManifest.xml:62:17-82
191            <meta-data
191-->[com.google.firebase:firebase-datatransport:18.1.7] AndroidManifest.xml:27:13-29:85
192                android:name="com.google.firebase.components:com.google.firebase.datatransport.TransportRegistrar"
192-->[com.google.firebase:firebase-datatransport:18.1.7] AndroidManifest.xml:28:17-115
193                android:value="com.google.firebase.components.ComponentRegistrar" />
193-->[com.google.firebase:firebase-datatransport:18.1.7] AndroidManifest.xml:29:17-82
194            <meta-data
194-->[com.google.firebase:firebase-firestore:24.10.0] AndroidManifest.xml:17:13-19:85
195                android:name="com.google.firebase.components:com.google.firebase.firestore.FirebaseFirestoreKtxRegistrar"
195-->[com.google.firebase:firebase-firestore:24.10.0] AndroidManifest.xml:18:17-122
196                android:value="com.google.firebase.components.ComponentRegistrar" />
196-->[com.google.firebase:firebase-firestore:24.10.0] AndroidManifest.xml:19:17-82
197            <meta-data
197-->[com.google.firebase:firebase-firestore:24.10.0] AndroidManifest.xml:20:13-22:85
198                android:name="com.google.firebase.components:com.google.firebase.firestore.FirestoreRegistrar"
198-->[com.google.firebase:firebase-firestore:24.10.0] AndroidManifest.xml:21:17-111
199                android:value="com.google.firebase.components.ComponentRegistrar" />
199-->[com.google.firebase:firebase-firestore:24.10.0] AndroidManifest.xml:22:17-82
200            <meta-data
200-->[com.google.android.gms:play-services-measurement-api:21.5.0] AndroidManifest.xml:37:13-39:85
201                android:name="com.google.firebase.components:com.google.firebase.analytics.connector.internal.AnalyticsConnectorRegistrar"
201-->[com.google.android.gms:play-services-measurement-api:21.5.0] AndroidManifest.xml:38:17-139
202                android:value="com.google.firebase.components.ComponentRegistrar" />
202-->[com.google.android.gms:play-services-measurement-api:21.5.0] AndroidManifest.xml:39:17-82
203            <meta-data
203-->[com.google.firebase:firebase-installations:17.2.0] AndroidManifest.xml:15:13-17:85
204                android:name="com.google.firebase.components:com.google.firebase.installations.FirebaseInstallationsKtxRegistrar"
204-->[com.google.firebase:firebase-installations:17.2.0] AndroidManifest.xml:16:17-130
205                android:value="com.google.firebase.components.ComponentRegistrar" />
205-->[com.google.firebase:firebase-installations:17.2.0] AndroidManifest.xml:17:17-82
206            <meta-data
206-->[com.google.firebase:firebase-installations:17.2.0] AndroidManifest.xml:18:13-20:85
207                android:name="com.google.firebase.components:com.google.firebase.installations.FirebaseInstallationsRegistrar"
207-->[com.google.firebase:firebase-installations:17.2.0] AndroidManifest.xml:19:17-127
208                android:value="com.google.firebase.components.ComponentRegistrar" />
208-->[com.google.firebase:firebase-installations:17.2.0] AndroidManifest.xml:20:17-82
209            <meta-data
209-->[com.google.firebase:firebase-common-ktx:20.4.2] AndroidManifest.xml:12:13-14:85
210                android:name="com.google.firebase.components:com.google.firebase.ktx.FirebaseCommonLegacyRegistrar"
210-->[com.google.firebase:firebase-common-ktx:20.4.2] AndroidManifest.xml:13:17-116
211                android:value="com.google.firebase.components.ComponentRegistrar" />
211-->[com.google.firebase:firebase-common-ktx:20.4.2] AndroidManifest.xml:14:17-82
212            <meta-data
212-->[com.google.firebase:firebase-common:20.4.2] AndroidManifest.xml:35:13-37:85
213                android:name="com.google.firebase.components:com.google.firebase.FirebaseCommonKtxRegistrar"
213-->[com.google.firebase:firebase-common:20.4.2] AndroidManifest.xml:36:17-109
214                android:value="com.google.firebase.components.ComponentRegistrar" />
214-->[com.google.firebase:firebase-common:20.4.2] AndroidManifest.xml:37:17-82
215        </service>
216
217        <provider
217-->[:react-native-firebase_app] AndroidManifest.xml:23:9-27:38
218            android:name="io.invertase.firebase.app.ReactNativeFirebaseAppInitProvider"
218-->[:react-native-firebase_app] AndroidManifest.xml:24:13-88
219            android:authorities="com.watchagotchamtechub.reactnativefirebaseappinitprovider"
219-->[:react-native-firebase_app] AndroidManifest.xml:25:13-86
220            android:exported="false"
220-->[:react-native-firebase_app] AndroidManifest.xml:26:13-37
221            android:initOrder="99" />
221-->[:react-native-firebase_app] AndroidManifest.xml:27:13-35
222        <provider
222-->[:react-native-image-picker] AndroidManifest.xml:8:9-16:20
223            android:name="com.imagepicker.ImagePickerProvider"
223-->[:react-native-image-picker] AndroidManifest.xml:9:13-63
224            android:authorities="com.watchagotchamtechub.imagepickerprovider"
224-->[:react-native-image-picker] AndroidManifest.xml:10:13-71
225            android:exported="false"
225-->[:react-native-image-picker] AndroidManifest.xml:11:13-37
226            android:grantUriPermissions="true" >
226-->[:react-native-image-picker] AndroidManifest.xml:12:13-47
227            <meta-data
227-->[:react-native-image-picker] AndroidManifest.xml:13:13-15:70
228                android:name="android.support.FILE_PROVIDER_PATHS"
228-->[:react-native-image-picker] AndroidManifest.xml:14:17-67
229                android:resource="@xml/imagepicker_provider_paths" />
229-->[:react-native-image-picker] AndroidManifest.xml:15:17-67
230        </provider>
231        <provider
231-->[:react-native-share] AndroidManifest.xml:8:9-16:20
232            android:name="cl.json.RNShareFileProvider"
232-->[:react-native-share] AndroidManifest.xml:9:13-55
233            android:authorities="com.watchagotchamtechub.rnshare.fileprovider"
233-->[:react-native-share] AndroidManifest.xml:10:13-72
234            android:exported="false"
234-->[:react-native-share] AndroidManifest.xml:11:13-37
235            android:grantUriPermissions="true" >
235-->[:react-native-share] AndroidManifest.xml:12:13-47
236            <meta-data
236-->[:react-native-image-picker] AndroidManifest.xml:13:13-15:70
237                android:name="android.support.FILE_PROVIDER_PATHS"
237-->[:react-native-image-picker] AndroidManifest.xml:14:17-67
238                android:resource="@xml/share_download_paths" />
238-->[:react-native-image-picker] AndroidManifest.xml:15:17-67
239        </provider>
240        <provider
240-->[:react-native-webview] AndroidManifest.xml:8:9-16:20
241            android:name="com.reactnativecommunity.webview.RNCWebViewFileProvider"
241-->[:react-native-webview] AndroidManifest.xml:9:13-83
242            android:authorities="com.watchagotchamtechub.fileprovider"
242-->[:react-native-webview] AndroidManifest.xml:10:13-64
243            android:exported="false"
243-->[:react-native-webview] AndroidManifest.xml:11:13-37
244            android:grantUriPermissions="true" >
244-->[:react-native-webview] AndroidManifest.xml:12:13-47
245            <meta-data
245-->[:react-native-image-picker] AndroidManifest.xml:13:13-15:70
246                android:name="android.support.FILE_PROVIDER_PATHS"
246-->[:react-native-image-picker] AndroidManifest.xml:14:17-67
247                android:resource="@xml/file_provider_paths" />